{"/mnt/d/progects/startups/sorokchat/common/packages/contracts/src/common/role-hierarchy.util.ts": {"path":"/mnt/d/progects/startups/sorokchat/common/packages/contracts/src/common/role-hierarchy.util.ts","statementMap":{"0":{"start":{"line":6,"column":4},"end":{"line":11,"column":null}},"1":{"start":{"line":7,"column":57},"end":{"line":10,"column":7}},"2":{"start":{"line":12,"column":4},"end":{"line":12,"column":null}},"3":{"start":{"line":16,"column":24},"end":{"line":16,"column":null}},"4":{"start":{"line":17,"column":43},"end":{"line":17,"column":null}},"5":{"start":{"line":18,"column":4},"end":{"line":18,"column":null}},"6":{"start":{"line":18,"column":33},"end":{"line":18,"column":null}},"7":{"start":{"line":19,"column":4},"end":{"line":22,"column":null}},"8":{"start":{"line":20,"column":6},"end":{"line":20,"column":null}},"9":{"start":{"line":21,"column":6},"end":{"line":21,"column":null}},"10":{"start":{"line":23,"column":25},"end":{"line":23,"column":null}},"11":{"start":{"line":24,"column":4},"end":{"line":27,"column":null}},"12":{"start":{"line":25,"column":6},"end":{"line":25,"column":null}},"13":{"start":{"line":26,"column":6},"end":{"line":26,"column":null}},"14":{"start":{"line":28,"column":4},"end":{"line":31,"column":null}},"15":{"start":{"line":29,"column":6},"end":{"line":29,"column":null}},"16":{"start":{"line":30,"column":6},"end":{"line":30,"column":null}},"17":{"start":{"line":32,"column":28},"end":{"line":34,"column":null}},"18":{"start":{"line":33,"column":6},"end":{"line":33,"column":null}},"19":{"start":{"line":35,"column":4},"end":{"line":35,"column":null}},"20":{"start":{"line":36,"column":4},"end":{"line":36,"column":null}},"21":{"start":{"line":40,"column":4},"end":{"line":40,"column":null}},"22":{"start":{"line":44,"column":4},"end":{"line":44,"column":null}}},"fnMap":{"0":{"name":"constructor","decl":{"start":{"line":5,"column":2},"end":{"line":5,"column":9}},"loc":{"start":{"line":5,"column":49},"end":{"line":13,"column":null}},"line":5},"1":{"name":"(anonymous_1)","decl":{"start":{"line":7,"column":25},"end":{"line":7,"column":30}},"loc":{"start":{"line":7,"column":57},"end":{"line":10,"column":7}},"line":7},"2":{"name":"hasRole","decl":{"start":{"line":15,"column":2},"end":{"line":15,"column":9}},"loc":{"start":{"line":15,"column":65},"end":{"line":37,"column":null}},"line":15},"3":{"name":"(anonymous_3)","decl":{"start":{"line":32,"column":41},"end":{"line":32,"column":47}},"loc":{"start":{"line":33,"column":6},"end":{"line":33,"column":null}},"line":33},"4":{"name":"save","decl":{"start":{"line":39,"column":2},"end":{"line":39,"column":10}},"loc":{"start":{"line":39,"column":49},"end":{"line":41,"column":null}},"line":39},"5":{"name":"generateKey","decl":{"start":{"line":43,"column":2},"end":{"line":43,"column":10}},"loc":{"start":{"line":43,"column":63},"end":{"line":45,"column":null}},"line":43}},"branchMap":{"0":{"loc":{"start":{"line":18,"column":4},"end":{"line":18,"column":null}},"type":"if","locations":[{"start":{"line":18,"column":4},"end":{"line":18,"column":null}},{"start":{},"end":{}}],"line":18},"1":{"loc":{"start":{"line":19,"column":4},"end":{"line":22,"column":null}},"type":"if","locations":[{"start":{"line":19,"column":4},"end":{"line":22,"column":null}},{"start":{},"end":{}}],"line":19},"2":{"loc":{"start":{"line":24,"column":4},"end":{"line":27,"column":null}},"type":"if","locations":[{"start":{"line":24,"column":4},"end":{"line":27,"column":null}},{"start":{},"end":{}}],"line":24},"3":{"loc":{"start":{"line":28,"column":4},"end":{"line":31,"column":null}},"type":"if","locations":[{"start":{"line":28,"column":4},"end":{"line":31,"column":null}},{"start":{},"end":{}}],"line":28}},"s":{"0":1,"1":3,"2":1,"3":6,"4":6,"5":6,"6":1,"7":5,"8":1,"9":1,"10":4,"11":4,"12":1,"13":1,"14":3,"15":1,"16":1,"17":2,"18":1,"19":2,"20":2,"21":5,"22":6},"f":{"0":1,"1":3,"2":6,"3":1,"4":5,"5":6},"b":{"0":[1,5],"1":[1,4],"2":[1,3],"3":[1,2]},"meta":{"lastBranch":4,"lastFunction":6,"lastStatement":23,"seen":{"f:5:2:5:9":0,"s:6:4:11:Infinity":0,"f:7:25:7:30":1,"s:7:57:10:7":1,"s:12:4:12:Infinity":2,"f:15:2:15:9":2,"s:16:24:16:Infinity":3,"s:17:43:17:Infinity":4,"b:18:4:18:Infinity:undefined:undefined:undefined:undefined":0,"s:18:4:18:Infinity":5,"s:18:33:18:Infinity":6,"b:19:4:22:Infinity:undefined:undefined:undefined:undefined":1,"s:19:4:22:Infinity":7,"s:20:6:20:Infinity":8,"s:21:6:21:Infinity":9,"s:23:25:23:Infinity":10,"b:24:4:27:Infinity:undefined:undefined:undefined:undefined":2,"s:24:4:27:Infinity":11,"s:25:6:25:Infinity":12,"s:26:6:26:Infinity":13,"b:28:4:31:Infinity:undefined:undefined:undefined:undefined":3,"s:28:4:31:Infinity":14,"s:29:6:29:Infinity":15,"s:30:6:30:Infinity":16,"s:32:28:34:Infinity":17,"f:32:41:32:47":3,"s:33:6:33:Infinity":18,"s:35:4:35:Infinity":19,"s:36:4:36:Infinity":20,"f:39:2:39:10":4,"s:40:4:40:Infinity":21,"f:43:2:43:10":5,"s:44:4:44:Infinity":22},"fnNames":{}}}
}
